The system is: Linux - 3.13.0-74-generic - x86_64
Compiling the CXX compiler identification source file "CMakeCXXCompilerId.cpp" succeeded.
Compiler: /usr/bin/c++ 
Build flags: 
Id flags: 

The output was:
0


Compilation of the CXX compiler identification source "CMakeCXXCompilerId.cpp" produced "a.out"

The CXX compiler identification is GNU, found in "/home/travis/Dropbox/PHD/WiFiUS/doa/gnuradio/gr-dpd/build/CMakeFiles/2.8.12.2/CompilerIdCXX/a.out"

Compiling the C compiler identification source file "CMakeCCompilerId.c" succeeded.
Compiler: /usr/bin/cc 
Build flags: 
Id flags: 

The output was:
0


Compilation of the C compiler identification source "CMakeCCompilerId.c" produced "a.out"

The C compiler identification is GNU, found in "/home/travis/Dropbox/PHD/WiFiUS/doa/gnuradio/gr-dpd/build/CMakeFiles/2.8.12.2/CompilerIdC/a.out"

Determining if the CXX compiler works passed with the following output:
Change Dir: /home/travis/Dropbox/PHD/WiFiUS/doa/gnuradio/gr-dpd/build/CMakeFiles/CMakeTmp

Run Build Command:/usr/bin/make "cmTryCompileExec384296118/fast"
/usr/bin/make -f CMakeFiles/cmTryCompileExec384296118.dir/build.make CMakeFiles/cmTryCompileExec384296118.dir/build
make[1]: Entering directory `/home/travis/Dropbox/PHD/WiFiUS/doa/gnuradio/gr-dpd/build/CMakeFiles/CMakeTmp'
/usr/bin/cmake -E cmake_progress_report /home/travis/Dropbox/PHD/WiFiUS/doa/gnuradio/gr-dpd/build/CMakeFiles/CMakeTmp/CMakeFiles 1
Building CXX object CMakeFiles/cmTryCompileExec384296118.dir/testCXXCompiler.cxx.o
/usr/bin/c++     -o CMakeFiles/cmTryCompileExec384296118.dir/testCXXCompiler.cxx.o -c /home/travis/Dropbox/PHD/WiFiUS/doa/gnuradio/gr-dpd/build/CMakeFiles/CMakeTmp/testCXXCompiler.cxx
Linking CXX executable cmTryCompileExec384296118
/usr/bin/cmake -E cmake_link_script CMakeFiles/cmTryCompileExec384296118.dir/link.txt --verbose=1
/usr/bin/c++        CMakeFiles/cmTryCompileExec384296118.dir/testCXXCompiler.cxx.o  -o cmTryCompileExec384296118 -rdynamic 
make[1]: Leaving directory `/home/travis/Dropbox/PHD/WiFiUS/doa/gnuradio/gr-dpd/build/CMakeFiles/CMakeTmp'


Detecting CXX compiler ABI info compiled with the following output:
Change Dir: /home/travis/Dropbox/PHD/WiFiUS/doa/gnuradio/gr-dpd/build/CMakeFiles/CMakeTmp

Run Build Command:/usr/bin/make "cmTryCompileExec1271496325/fast"
/usr/bin/make -f CMakeFiles/cmTryCompileExec1271496325.dir/build.make CMakeFiles/cmTryCompileExec1271496325.dir/build
make[1]: Entering directory `/home/travis/Dropbox/PHD/WiFiUS/doa/gnuradio/gr-dpd/build/CMakeFiles/CMakeTmp'
/usr/bin/cmake -E cmake_progress_report /home/travis/Dropbox/PHD/WiFiUS/doa/gnuradio/gr-dpd/build/CMakeFiles/CMakeTmp/CMakeFiles 1
Building CXX object CMakeFiles/cmTryCompileExec1271496325.dir/CMakeCXXCompilerABI.cpp.o
/usr/bin/c++     -o CMakeFiles/cmTryCompileExec1271496325.dir/CMakeCXXCompilerABI.cpp.o -c /usr/share/cmake-2.8/Modules/CMakeCXXCompilerABI.cpp
Linking CXX executable cmTryCompileExec1271496325
/usr/bin/cmake -E cmake_link_script CMakeFiles/cmTryCompileExec1271496325.dir/link.txt --verbose=1
/usr/bin/c++      -v CMakeFiles/cmTryCompileExec1271496325.dir/CMakeCXXCompilerABI.cpp.o  -o cmTryCompileExec1271496325 -rdynamic  
Using built-in specs.
COLLECT_GCC=/usr/bin/c++
COLLECT_LTO_WRAPPER=/usr/lib/gcc/x86_64-linux-gnu/4.8/lto-wrapper
Target: x86_64-linux-gnu
Configured with: ../src/configure -v --with-pkgversion='Ubuntu 4.8.4-2ubuntu1~14.04' --with-bugurl=file:///usr/share/doc/gcc-4.8/README.Bugs --enable-languages=c,c++,java,go,d,fortran,objc,obj-c++ --prefix=/usr --program-suffix=-4.8 --enable-shared --enable-linker-build-id --libexecdir=/usr/lib --without-included-gettext --enable-threads=posix --with-gxx-include-dir=/usr/include/c++/4.8 --libdir=/usr/lib --enable-nls --with-sysroot=/ --enable-clocale=gnu --enable-libstdcxx-debug --enable-libstdcxx-time=yes --enable-gnu-unique-object --disable-libmudflap --enable-plugin --with-system-zlib --disable-browser-plugin --enable-java-awt=gtk --enable-gtk-cairo --with-java-home=/usr/lib/jvm/java-1.5.0-gcj-4.8-amd64/jre --enable-java-home --with-jvm-root-dir=/usr/lib/jvm/java-1.5.0-gcj-4.8-amd64 --with-jvm-jar-dir=/usr/lib/jvm-exports/java-1.5.0-gcj-4.8-amd64 --with-arch-directory=amd64 --with-ecj-jar=/usr/share/java/eclipse-ecj.jar --enable-objc-gc --enable-multiarch --disable-werror --with-arch-32=i686 --with-abi=m64 --with-multilib-list=m32,m64,mx32 --with-tune=generic --enable-checking=release --build=x86_64-linux-gnu --host=x86_64-linux-gnu --target=x86_64-linux-gnu
Thread model: posix
gcc version 4.8.4 (Ubuntu 4.8.4-2ubuntu1~14.04) 
COMPILER_PATH=/usr/lib/gcc/x86_64-linux-gnu/4.8/:/usr/lib/gcc/x86_64-linux-gnu/4.8/:/usr/lib/gcc/x86_64-linux-gnu/:/usr/lib/gcc/x86_64-linux-gnu/4.8/:/usr/lib/gcc/x86_64-linux-gnu/
LIBRARY_PATH=/usr/lib/gcc/x86_64-linux-gnu/4.8/:/usr/lib/gcc/x86_64-linux-gnu/4.8/../../../x86_64-linux-gnu/:/usr/lib/gcc/x86_64-linux-gnu/4.8/../../../../lib/:/lib/x86_64-linux-gnu/:/lib/../lib/:/usr/lib/x86_64-linux-gnu/:/usr/lib/../lib/:/usr/lib/gcc/x86_64-linux-gnu/4.8/../../../:/lib/:/usr/lib/
COLLECT_GCC_OPTIONS='-v' '-o' 'cmTryCompileExec1271496325' '-rdynamic' '-shared-libgcc' '-mtune=generic' '-march=x86-64'
 /usr/lib/gcc/x86_64-linux-gnu/4.8/collect2 --sysroot=/ --build-id --eh-frame-hdr -m elf_x86_64 --hash-style=gnu --as-needed -export-dynamic -dynamic-linker /lib64/ld-linux-x86-64.so.2 -z relro -o cmTryCompileExec1271496325 /usr/lib/gcc/x86_64-linux-gnu/4.8/../../../x86_64-linux-gnu/crt1.o /usr/lib/gcc/x86_64-linux-gnu/4.8/../../../x86_64-linux-gnu/crti.o /usr/lib/gcc/x86_64-linux-gnu/4.8/crtbegin.o -L/usr/lib/gcc/x86_64-linux-gnu/4.8 -L/usr/lib/gcc/x86_64-linux-gnu/4.8/../../../x86_64-linux-gnu -L/usr/lib/gcc/x86_64-linux-gnu/4.8/../../../../lib -L/lib/x86_64-linux-gnu -L/lib/../lib -L/usr/lib/x86_64-linux-gnu -L/usr/lib/../lib -L/usr/lib/gcc/x86_64-linux-gnu/4.8/../../.. CMakeFiles/cmTryCompileExec1271496325.dir/CMakeCXXCompilerABI.cpp.o -lstdc++ -lm -lgcc_s -lgcc -lc -lgcc_s -lgcc /usr/lib/gcc/x86_64-linux-gnu/4.8/crtend.o /usr/lib/gcc/x86_64-linux-gnu/4.8/../../../x86_64-linux-gnu/crtn.o
make[1]: Leaving directory `/home/travis/Dropbox/PHD/WiFiUS/doa/gnuradio/gr-dpd/build/CMakeFiles/CMakeTmp'


Parsed CXX implicit link information from above output:
  link line regex: [^( *|.*[/\])(ld|([^/\]+-)?ld|collect2)[^/\]*( |$)]
  ignore line: [Change Dir: /home/travis/Dropbox/PHD/WiFiUS/doa/gnuradio/gr-dpd/build/CMakeFiles/CMakeTmp]
  ignore line: []
  ignore line: [Run Build Command:/usr/bin/make "cmTryCompileExec1271496325/fast"]
  ignore line: [/usr/bin/make -f CMakeFiles/cmTryCompileExec1271496325.dir/build.make CMakeFiles/cmTryCompileExec1271496325.dir/build]
  ignore line: [make[1]: Entering directory `/home/travis/Dropbox/PHD/WiFiUS/doa/gnuradio/gr-dpd/build/CMakeFiles/CMakeTmp']
  ignore line: [/usr/bin/cmake -E cmake_progress_report /home/travis/Dropbox/PHD/WiFiUS/doa/gnuradio/gr-dpd/build/CMakeFiles/CMakeTmp/CMakeFiles 1]
  ignore line: [Building CXX object CMakeFiles/cmTryCompileExec1271496325.dir/CMakeCXXCompilerABI.cpp.o]
  ignore line: [/usr/bin/c++     -o CMakeFiles/cmTryCompileExec1271496325.dir/CMakeCXXCompilerABI.cpp.o -c /usr/share/cmake-2.8/Modules/CMakeCXXCompilerABI.cpp]
  ignore line: [Linking CXX executable cmTryCompileExec1271496325]
  ignore line: [/usr/bin/cmake -E cmake_link_script CMakeFiles/cmTryCompileExec1271496325.dir/link.txt --verbose=1]
  ignore line: [/usr/bin/c++      -v CMakeFiles/cmTryCompileExec1271496325.dir/CMakeCXXCompilerABI.cpp.o  -o cmTryCompileExec1271496325 -rdynamic  ]
  ignore line: [Using built-in specs.]
  ignore line: [COLLECT_GCC=/usr/bin/c++]
  ignore line: [COLLECT_LTO_WRAPPER=/usr/lib/gcc/x86_64-linux-gnu/4.8/lto-wrapper]
  ignore line: [Target: x86_64-linux-gnu]
  ignore line: [Configured with: ../src/configure -v --with-pkgversion='Ubuntu 4.8.4-2ubuntu1~14.04' --with-bugurl=file:///usr/share/doc/gcc-4.8/README.Bugs --enable-languages=c,c++,java,go,d,fortran,objc,obj-c++ --prefix=/usr --program-suffix=-4.8 --enable-shared --enable-linker-build-id --libexecdir=/usr/lib --without-included-gettext --enable-threads=posix --with-gxx-include-dir=/usr/include/c++/4.8 --libdir=/usr/lib --enable-nls --with-sysroot=/ --enable-clocale=gnu --enable-libstdcxx-debug --enable-libstdcxx-time=yes --enable-gnu-unique-object --disable-libmudflap --enable-plugin --with-system-zlib --disable-browser-plugin --enable-java-awt=gtk --enable-gtk-cairo --with-java-home=/usr/lib/jvm/java-1.5.0-gcj-4.8-amd64/jre --enable-java-home --with-jvm-root-dir=/usr/lib/jvm/java-1.5.0-gcj-4.8-amd64 --with-jvm-jar-dir=/usr/lib/jvm-exports/java-1.5.0-gcj-4.8-amd64 --with-arch-directory=amd64 --with-ecj-jar=/usr/share/java/eclipse-ecj.jar --enable-objc-gc --enable-multiarch --disable-werror --with-arch-32=i686 --with-abi=m64 --with-multilib-list=m32,m64,mx32 --with-tune=generic --enable-checking=release --build=x86_64-linux-gnu --host=x86_64-linux-gnu --target=x86_64-linux-gnu]
  ignore line: [Thread model: posix]
  ignore line: [gcc version 4.8.4 (Ubuntu 4.8.4-2ubuntu1~14.04) ]
  ignore line: [COMPILER_PATH=/usr/lib/gcc/x86_64-linux-gnu/4.8/:/usr/lib/gcc/x86_64-linux-gnu/4.8/:/usr/lib/gcc/x86_64-linux-gnu/:/usr/lib/gcc/x86_64-linux-gnu/4.8/:/usr/lib/gcc/x86_64-linux-gnu/]
  ignore line: [LIBRARY_PATH=/usr/lib/gcc/x86_64-linux-gnu/4.8/:/usr/lib/gcc/x86_64-linux-gnu/4.8/../../../x86_64-linux-gnu/:/usr/lib/gcc/x86_64-linux-gnu/4.8/../../../../lib/:/lib/x86_64-linux-gnu/:/lib/../lib/:/usr/lib/x86_64-linux-gnu/:/usr/lib/../lib/:/usr/lib/gcc/x86_64-linux-gnu/4.8/../../../:/lib/:/usr/lib/]
  ignore line: [COLLECT_GCC_OPTIONS='-v' '-o' 'cmTryCompileExec1271496325' '-rdynamic' '-shared-libgcc' '-mtune=generic' '-march=x86-64']
  link line: [ /usr/lib/gcc/x86_64-linux-gnu/4.8/collect2 --sysroot=/ --build-id --eh-frame-hdr -m elf_x86_64 --hash-style=gnu --as-needed -export-dynamic -dynamic-linker /lib64/ld-linux-x86-64.so.2 -z relro -o cmTryCompileExec1271496325 /usr/lib/gcc/x86_64-linux-gnu/4.8/../../../x86_64-linux-gnu/crt1.o /usr/lib/gcc/x86_64-linux-gnu/4.8/../../../x86_64-linux-gnu/crti.o /usr/lib/gcc/x86_64-linux-gnu/4.8/crtbegin.o -L/usr/lib/gcc/x86_64-linux-gnu/4.8 -L/usr/lib/gcc/x86_64-linux-gnu/4.8/../../../x86_64-linux-gnu -L/usr/lib/gcc/x86_64-linux-gnu/4.8/../../../../lib -L/lib/x86_64-linux-gnu -L/lib/../lib -L/usr/lib/x86_64-linux-gnu -L/usr/lib/../lib -L/usr/lib/gcc/x86_64-linux-gnu/4.8/../../.. CMakeFiles/cmTryCompileExec1271496325.dir/CMakeCXXCompilerABI.cpp.o -lstdc++ -lm -lgcc_s -lgcc -lc -lgcc_s -lgcc /usr/lib/gcc/x86_64-linux-gnu/4.8/crtend.o /usr/lib/gcc/x86_64-linux-gnu/4.8/../../../x86_64-linux-gnu/crtn.o]
    arg [/usr/lib/gcc/x86_64-linux-gnu/4.8/collect2] ==> ignore
    arg [--sysroot=/] ==> ignore
    arg [--build-id] ==> ignore
    arg [--eh-frame-hdr] ==> ignore
    arg [-m] ==> ignore
    arg [elf_x86_64] ==> ignore
    arg [--hash-style=gnu] ==> ignore
    arg [--as-needed] ==> ignore
    arg [-export-dynamic] ==> ignore
    arg [-dynamic-linker] ==> ignore
    arg [/lib64/ld-linux-x86-64.so.2] ==> ignore
    arg [-zrelro] ==> ignore
    arg [-o] ==> ignore
    arg [cmTryCompileExec1271496325] ==> ignore
    arg [/usr/lib/gcc/x86_64-linux-gnu/4.8/../../../x86_64-linux-gnu/crt1.o] ==> ignore
    arg [/usr/lib/gcc/x86_64-linux-gnu/4.8/../../../x86_64-linux-gnu/crti.o] ==> ignore
    arg [/usr/lib/gcc/x86_64-linux-gnu/4.8/crtbegin.o] ==> ignore
    arg [-L/usr/lib/gcc/x86_64-linux-gnu/4.8] ==> dir [/usr/lib/gcc/x86_64-linux-gnu/4.8]
    arg [-L/usr/lib/gcc/x86_64-linux-gnu/4.8/../../../x86_64-linux-gnu] ==> dir [/usr/lib/gcc/x86_64-linux-gnu/4.8/../../../x86_64-linux-gnu]
    arg [-L/usr/lib/gcc/x86_64-linux-gnu/4.8/../../../../lib] ==> dir [/usr/lib/gcc/x86_64-linux-gnu/4.8/../../../../lib]
    arg [-L/lib/x86_64-linux-gnu] ==> dir [/lib/x86_64-linux-gnu]
    arg [-L/lib/../lib] ==> dir [/lib/../lib]
    arg [-L/usr/lib/x86_64-linux-gnu] ==> dir [/usr/lib/x86_64-linux-gnu]
    arg [-L/usr/lib/../lib] ==> dir [/usr/lib/../lib]
    arg [-L/usr/lib/gcc/x86_64-linux-gnu/4.8/../../..] ==> dir [/usr/lib/gcc/x86_64-linux-gnu/4.8/../../..]
    arg [CMakeFiles/cmTryCompileExec1271496325.dir/CMakeCXXCompilerABI.cpp.o] ==> ignore
    arg [-lstdc++] ==> lib [stdc++]
    arg [-lm] ==> lib [m]
    arg [-lgcc_s] ==> lib [gcc_s]
    arg [-lgcc] ==> lib [gcc]
    arg [-lc] ==> lib [c]
    arg [-lgcc_s] ==> lib [gcc_s]
    arg [-lgcc] ==> lib [gcc]
    arg [/usr/lib/gcc/x86_64-linux-gnu/4.8/crtend.o] ==> ignore
    arg [/usr/lib/gcc/x86_64-linux-gnu/4.8/../../../x86_64-linux-gnu/crtn.o] ==> ignore
  remove lib [gcc_s]
  remove lib [gcc]
  remove lib [gcc_s]
  remove lib [gcc]
  collapse library dir [/usr/lib/gcc/x86_64-linux-gnu/4.8] ==> [/usr/lib/gcc/x86_64-linux-gnu/4.8]
  collapse library dir [/usr/lib/gcc/x86_64-linux-gnu/4.8/../../../x86_64-linux-gnu] ==> [/usr/lib/x86_64-linux-gnu]
  collapse library dir [/usr/lib/gcc/x86_64-linux-gnu/4.8/../../../../lib] ==> [/usr/lib]
  collapse library dir [/lib/x86_64-linux-gnu] ==> [/lib/x86_64-linux-gnu]
  collapse library dir [/lib/../lib] ==> [/lib]
  collapse library dir [/usr/lib/x86_64-linux-gnu] ==> [/usr/lib/x86_64-linux-gnu]
  collapse library dir [/usr/lib/../lib] ==> [/usr/lib]
  collapse library dir [/usr/lib/gcc/x86_64-linux-gnu/4.8/../../..] ==> [/usr/lib]
  implicit libs: [stdc++;m;c]
  implicit dirs: [/usr/lib/gcc/x86_64-linux-gnu/4.8;/usr/lib/x86_64-linux-gnu;/usr/lib;/lib/x86_64-linux-gnu;/lib]
  implicit fwks: []


Determining if the C compiler works passed with the following output:
Change Dir: /home/travis/Dropbox/PHD/WiFiUS/doa/gnuradio/gr-dpd/build/CMakeFiles/CMakeTmp

Run Build Command:/usr/bin/make "cmTryCompileExec1489211534/fast"
/usr/bin/make -f CMakeFiles/cmTryCompileExec1489211534.dir/build.make CMakeFiles/cmTryCompileExec1489211534.dir/build
make[1]: Entering directory `/home/travis/Dropbox/PHD/WiFiUS/doa/gnuradio/gr-dpd/build/CMakeFiles/CMakeTmp'
/usr/bin/cmake -E cmake_progress_report /home/travis/Dropbox/PHD/WiFiUS/doa/gnuradio/gr-dpd/build/CMakeFiles/CMakeTmp/CMakeFiles 1
Building C object CMakeFiles/cmTryCompileExec1489211534.dir/testCCompiler.c.o
/usr/bin/cc    -o CMakeFiles/cmTryCompileExec1489211534.dir/testCCompiler.c.o   -c /home/travis/Dropbox/PHD/WiFiUS/doa/gnuradio/gr-dpd/build/CMakeFiles/CMakeTmp/testCCompiler.c
Linking C executable cmTryCompileExec1489211534
/usr/bin/cmake -E cmake_link_script CMakeFiles/cmTryCompileExec1489211534.dir/link.txt --verbose=1
/usr/bin/cc       CMakeFiles/cmTryCompileExec1489211534.dir/testCCompiler.c.o  -o cmTryCompileExec1489211534 -rdynamic 
make[1]: Leaving directory `/home/travis/Dropbox/PHD/WiFiUS/doa/gnuradio/gr-dpd/build/CMakeFiles/CMakeTmp'


Detecting C compiler ABI info compiled with the following output:
Change Dir: /home/travis/Dropbox/PHD/WiFiUS/doa/gnuradio/gr-dpd/build/CMakeFiles/CMakeTmp

Run Build Command:/usr/bin/make "cmTryCompileExec3975908710/fast"
/usr/bin/make -f CMakeFiles/cmTryCompileExec3975908710.dir/build.make CMakeFiles/cmTryCompileExec3975908710.dir/build
make[1]: Entering directory `/home/travis/Dropbox/PHD/WiFiUS/doa/gnuradio/gr-dpd/build/CMakeFiles/CMakeTmp'
/usr/bin/cmake -E cmake_progress_report /home/travis/Dropbox/PHD/WiFiUS/doa/gnuradio/gr-dpd/build/CMakeFiles/CMakeTmp/CMakeFiles 1
Building C object CMakeFiles/cmTryCompileExec3975908710.dir/CMakeCCompilerABI.c.o
/usr/bin/cc    -o CMakeFiles/cmTryCompileExec3975908710.dir/CMakeCCompilerABI.c.o   -c /usr/share/cmake-2.8/Modules/CMakeCCompilerABI.c
Linking C executable cmTryCompileExec3975908710
/usr/bin/cmake -E cmake_link_script CMakeFiles/cmTryCompileExec3975908710.dir/link.txt --verbose=1
/usr/bin/cc     -v CMakeFiles/cmTryCompileExec3975908710.dir/CMakeCCompilerABI.c.o  -o cmTryCompileExec3975908710 -rdynamic  
Using built-in specs.
COLLECT_GCC=/usr/bin/cc
COLLECT_LTO_WRAPPER=/usr/lib/gcc/x86_64-linux-gnu/4.8/lto-wrapper
Target: x86_64-linux-gnu
Configured with: ../src/configure -v --with-pkgversion='Ubuntu 4.8.4-2ubuntu1~14.04' --with-bugurl=file:///usr/share/doc/gcc-4.8/README.Bugs --enable-languages=c,c++,java,go,d,fortran,objc,obj-c++ --prefix=/usr --program-suffix=-4.8 --enable-shared --enable-linker-build-id --libexecdir=/usr/lib --without-included-gettext --enable-threads=posix --with-gxx-include-dir=/usr/include/c++/4.8 --libdir=/usr/lib --enable-nls --with-sysroot=/ --enable-clocale=gnu --enable-libstdcxx-debug --enable-libstdcxx-time=yes --enable-gnu-unique-object --disable-libmudflap --enable-plugin --with-system-zlib --disable-browser-plugin --enable-java-awt=gtk --enable-gtk-cairo --with-java-home=/usr/lib/jvm/java-1.5.0-gcj-4.8-amd64/jre --enable-java-home --with-jvm-root-dir=/usr/lib/jvm/java-1.5.0-gcj-4.8-amd64 --with-jvm-jar-dir=/usr/lib/jvm-exports/java-1.5.0-gcj-4.8-amd64 --with-arch-directory=amd64 --with-ecj-jar=/usr/share/java/eclipse-ecj.jar --enable-objc-gc --enable-multiarch --disable-werror --with-arch-32=i686 --with-abi=m64 --with-multilib-list=m32,m64,mx32 --with-tune=generic --enable-checking=release --build=x86_64-linux-gnu --host=x86_64-linux-gnu --target=x86_64-linux-gnu
Thread model: posix
gcc version 4.8.4 (Ubuntu 4.8.4-2ubuntu1~14.04) 
COMPILER_PATH=/usr/lib/gcc/x86_64-linux-gnu/4.8/:/usr/lib/gcc/x86_64-linux-gnu/4.8/:/usr/lib/gcc/x86_64-linux-gnu/:/usr/lib/gcc/x86_64-linux-gnu/4.8/:/usr/lib/gcc/x86_64-linux-gnu/
LIBRARY_PATH=/usr/lib/gcc/x86_64-linux-gnu/4.8/:/usr/lib/gcc/x86_64-linux-gnu/4.8/../../../x86_64-linux-gnu/:/usr/lib/gcc/x86_64-linux-gnu/4.8/../../../../lib/:/lib/x86_64-linux-gnu/:/lib/../lib/:/usr/lib/x86_64-linux-gnu/:/usr/lib/../lib/:/usr/lib/gcc/x86_64-linux-gnu/4.8/../../../:/lib/:/usr/lib/
COLLECT_GCC_OPTIONS='-v' '-o' 'cmTryCompileExec3975908710' '-rdynamic' '-mtune=generic' '-march=x86-64'
 /usr/lib/gcc/x86_64-linux-gnu/4.8/collect2 --sysroot=/ --build-id --eh-frame-hdr -m elf_x86_64 --hash-style=gnu --as-needed -export-dynamic -dynamic-linker /lib64/ld-linux-x86-64.so.2 -z relro -o cmTryCompileExec3975908710 /usr/lib/gcc/x86_64-linux-gnu/4.8/../../../x86_64-linux-gnu/crt1.o /usr/lib/gcc/x86_64-linux-gnu/4.8/../../../x86_64-linux-gnu/crti.o /usr/lib/gcc/x86_64-linux-gnu/4.8/crtbegin.o -L/usr/lib/gcc/x86_64-linux-gnu/4.8 -L/usr/lib/gcc/x86_64-linux-gnu/4.8/../../../x86_64-linux-gnu -L/usr/lib/gcc/x86_64-linux-gnu/4.8/../../../../lib -L/lib/x86_64-linux-gnu -L/lib/../lib -L/usr/lib/x86_64-linux-gnu -L/usr/lib/../lib -L/usr/lib/gcc/x86_64-linux-gnu/4.8/../../.. CMakeFiles/cmTryCompileExec3975908710.dir/CMakeCCompilerABI.c.o -lgcc --as-needed -lgcc_s --no-as-needed -lc -lgcc --as-needed -lgcc_s --no-as-needed /usr/lib/gcc/x86_64-linux-gnu/4.8/crtend.o /usr/lib/gcc/x86_64-linux-gnu/4.8/../../../x86_64-linux-gnu/crtn.o
make[1]: Leaving directory `/home/travis/Dropbox/PHD/WiFiUS/doa/gnuradio/gr-dpd/build/CMakeFiles/CMakeTmp'


Parsed C implicit link information from above output:
  link line regex: [^( *|.*[/\])(ld|([^/\]+-)?ld|collect2)[^/\]*( |$)]
  ignore line: [Change Dir: /home/travis/Dropbox/PHD/WiFiUS/doa/gnuradio/gr-dpd/build/CMakeFiles/CMakeTmp]
  ignore line: []
  ignore line: [Run Build Command:/usr/bin/make "cmTryCompileExec3975908710/fast"]
  ignore line: [/usr/bin/make -f CMakeFiles/cmTryCompileExec3975908710.dir/build.make CMakeFiles/cmTryCompileExec3975908710.dir/build]
  ignore line: [make[1]: Entering directory `/home/travis/Dropbox/PHD/WiFiUS/doa/gnuradio/gr-dpd/build/CMakeFiles/CMakeTmp']
  ignore line: [/usr/bin/cmake -E cmake_progress_report /home/travis/Dropbox/PHD/WiFiUS/doa/gnuradio/gr-dpd/build/CMakeFiles/CMakeTmp/CMakeFiles 1]
  ignore line: [Building C object CMakeFiles/cmTryCompileExec3975908710.dir/CMakeCCompilerABI.c.o]
  ignore line: [/usr/bin/cc    -o CMakeFiles/cmTryCompileExec3975908710.dir/CMakeCCompilerABI.c.o   -c /usr/share/cmake-2.8/Modules/CMakeCCompilerABI.c]
  ignore line: [Linking C executable cmTryCompileExec3975908710]
  ignore line: [/usr/bin/cmake -E cmake_link_script CMakeFiles/cmTryCompileExec3975908710.dir/link.txt --verbose=1]
  ignore line: [/usr/bin/cc     -v CMakeFiles/cmTryCompileExec3975908710.dir/CMakeCCompilerABI.c.o  -o cmTryCompileExec3975908710 -rdynamic  ]
  ignore line: [Using built-in specs.]
  ignore line: [COLLECT_GCC=/usr/bin/cc]
  ignore line: [COLLECT_LTO_WRAPPER=/usr/lib/gcc/x86_64-linux-gnu/4.8/lto-wrapper]
  ignore line: [Target: x86_64-linux-gnu]
  ignore line: [Configured with: ../src/configure -v --with-pkgversion='Ubuntu 4.8.4-2ubuntu1~14.04' --with-bugurl=file:///usr/share/doc/gcc-4.8/README.Bugs --enable-languages=c,c++,java,go,d,fortran,objc,obj-c++ --prefix=/usr --program-suffix=-4.8 --enable-shared --enable-linker-build-id --libexecdir=/usr/lib --without-included-gettext --enable-threads=posix --with-gxx-include-dir=/usr/include/c++/4.8 --libdir=/usr/lib --enable-nls --with-sysroot=/ --enable-clocale=gnu --enable-libstdcxx-debug --enable-libstdcxx-time=yes --enable-gnu-unique-object --disable-libmudflap --enable-plugin --with-system-zlib --disable-browser-plugin --enable-java-awt=gtk --enable-gtk-cairo --with-java-home=/usr/lib/jvm/java-1.5.0-gcj-4.8-amd64/jre --enable-java-home --with-jvm-root-dir=/usr/lib/jvm/java-1.5.0-gcj-4.8-amd64 --with-jvm-jar-dir=/usr/lib/jvm-exports/java-1.5.0-gcj-4.8-amd64 --with-arch-directory=amd64 --with-ecj-jar=/usr/share/java/eclipse-ecj.jar --enable-objc-gc --enable-multiarch --disable-werror --with-arch-32=i686 --with-abi=m64 --with-multilib-list=m32,m64,mx32 --with-tune=generic --enable-checking=release --build=x86_64-linux-gnu --host=x86_64-linux-gnu --target=x86_64-linux-gnu]
  ignore line: [Thread model: posix]
  ignore line: [gcc version 4.8.4 (Ubuntu 4.8.4-2ubuntu1~14.04) ]
  ignore line: [COMPILER_PATH=/usr/lib/gcc/x86_64-linux-gnu/4.8/:/usr/lib/gcc/x86_64-linux-gnu/4.8/:/usr/lib/gcc/x86_64-linux-gnu/:/usr/lib/gcc/x86_64-linux-gnu/4.8/:/usr/lib/gcc/x86_64-linux-gnu/]
  ignore line: [LIBRARY_PATH=/usr/lib/gcc/x86_64-linux-gnu/4.8/:/usr/lib/gcc/x86_64-linux-gnu/4.8/../../../x86_64-linux-gnu/:/usr/lib/gcc/x86_64-linux-gnu/4.8/../../../../lib/:/lib/x86_64-linux-gnu/:/lib/../lib/:/usr/lib/x86_64-linux-gnu/:/usr/lib/../lib/:/usr/lib/gcc/x86_64-linux-gnu/4.8/../../../:/lib/:/usr/lib/]
  ignore line: [COLLECT_GCC_OPTIONS='-v' '-o' 'cmTryCompileExec3975908710' '-rdynamic' '-mtune=generic' '-march=x86-64']
  link line: [ /usr/lib/gcc/x86_64-linux-gnu/4.8/collect2 --sysroot=/ --build-id --eh-frame-hdr -m elf_x86_64 --hash-style=gnu --as-needed -export-dynamic -dynamic-linker /lib64/ld-linux-x86-64.so.2 -z relro -o cmTryCompileExec3975908710 /usr/lib/gcc/x86_64-linux-gnu/4.8/../../../x86_64-linux-gnu/crt1.o /usr/lib/gcc/x86_64-linux-gnu/4.8/../../../x86_64-linux-gnu/crti.o /usr/lib/gcc/x86_64-linux-gnu/4.8/crtbegin.o -L/usr/lib/gcc/x86_64-linux-gnu/4.8 -L/usr/lib/gcc/x86_64-linux-gnu/4.8/../../../x86_64-linux-gnu -L/usr/lib/gcc/x86_64-linux-gnu/4.8/../../../../lib -L/lib/x86_64-linux-gnu -L/lib/../lib -L/usr/lib/x86_64-linux-gnu -L/usr/lib/../lib -L/usr/lib/gcc/x86_64-linux-gnu/4.8/../../.. CMakeFiles/cmTryCompileExec3975908710.dir/CMakeCCompilerABI.c.o -lgcc --as-needed -lgcc_s --no-as-needed -lc -lgcc --as-needed -lgcc_s --no-as-needed /usr/lib/gcc/x86_64-linux-gnu/4.8/crtend.o /usr/lib/gcc/x86_64-linux-gnu/4.8/../../../x86_64-linux-gnu/crtn.o]
    arg [/usr/lib/gcc/x86_64-linux-gnu/4.8/collect2] ==> ignore
    arg [--sysroot=/] ==> ignore
    arg [--build-id] ==> ignore
    arg [--eh-frame-hdr] ==> ignore
    arg [-m] ==> ignore
    arg [elf_x86_64] ==> ignore
    arg [--hash-style=gnu] ==> ignore
    arg [--as-needed] ==> ignore
    arg [-export-dynamic] ==> ignore
    arg [-dynamic-linker] ==> ignore
    arg [/lib64/ld-linux-x86-64.so.2] ==> ignore
    arg [-zrelro] ==> ignore
    arg [-o] ==> ignore
    arg [cmTryCompileExec3975908710] ==> ignore
    arg [/usr/lib/gcc/x86_64-linux-gnu/4.8/../../../x86_64-linux-gnu/crt1.o] ==> ignore
    arg [/usr/lib/gcc/x86_64-linux-gnu/4.8/../../../x86_64-linux-gnu/crti.o] ==> ignore
    arg [/usr/lib/gcc/x86_64-linux-gnu/4.8/crtbegin.o] ==> ignore
    arg [-L/usr/lib/gcc/x86_64-linux-gnu/4.8] ==> dir [/usr/lib/gcc/x86_64-linux-gnu/4.8]
    arg [-L/usr/lib/gcc/x86_64-linux-gnu/4.8/../../../x86_64-linux-gnu] ==> dir [/usr/lib/gcc/x86_64-linux-gnu/4.8/../../../x86_64-linux-gnu]
    arg [-L/usr/lib/gcc/x86_64-linux-gnu/4.8/../../../../lib] ==> dir [/usr/lib/gcc/x86_64-linux-gnu/4.8/../../../../lib]
    arg [-L/lib/x86_64-linux-gnu] ==> dir [/lib/x86_64-linux-gnu]
    arg [-L/lib/../lib] ==> dir [/lib/../lib]
    arg [-L/usr/lib/x86_64-linux-gnu] ==> dir [/usr/lib/x86_64-linux-gnu]
    arg [-L/usr/lib/../lib] ==> dir [/usr/lib/../lib]
    arg [-L/usr/lib/gcc/x86_64-linux-gnu/4.8/../../..] ==> dir [/usr/lib/gcc/x86_64-linux-gnu/4.8/../../..]
    arg [CMakeFiles/cmTryCompileExec3975908710.dir/CMakeCCompilerABI.c.o] ==> ignore
    arg [-lgcc] ==> lib [gcc]
    arg [--as-needed] ==> ignore
    arg [-lgcc_s] ==> lib [gcc_s]
    arg [--no-as-needed] ==> ignore
    arg [-lc] ==> lib [c]
    arg [-lgcc] ==> lib [gcc]
    arg [--as-needed] ==> ignore
    arg [-lgcc_s] ==> lib [gcc_s]
    arg [--no-as-needed] ==> ignore
    arg [/usr/lib/gcc/x86_64-linux-gnu/4.8/crtend.o] ==> ignore
    arg [/usr/lib/gcc/x86_64-linux-gnu/4.8/../../../x86_64-linux-gnu/crtn.o] ==> ignore
  remove lib [gcc]
  remove lib [gcc_s]
  remove lib [gcc]
  remove lib [gcc_s]
  collapse library dir [/usr/lib/gcc/x86_64-linux-gnu/4.8] ==> [/usr/lib/gcc/x86_64-linux-gnu/4.8]
  collapse library dir [/usr/lib/gcc/x86_64-linux-gnu/4.8/../../../x86_64-linux-gnu] ==> [/usr/lib/x86_64-linux-gnu]
  collapse library dir [/usr/lib/gcc/x86_64-linux-gnu/4.8/../../../../lib] ==> [/usr/lib]
  collapse library dir [/lib/x86_64-linux-gnu] ==> [/lib/x86_64-linux-gnu]
  collapse library dir [/lib/../lib] ==> [/lib]
  collapse library dir [/usr/lib/x86_64-linux-gnu] ==> [/usr/lib/x86_64-linux-gnu]
  collapse library dir [/usr/lib/../lib] ==> [/usr/lib]
  collapse library dir [/usr/lib/gcc/x86_64-linux-gnu/4.8/../../..] ==> [/usr/lib]
  implicit libs: [c]
  implicit dirs: [/usr/lib/gcc/x86_64-linux-gnu/4.8;/usr/lib/x86_64-linux-gnu;/usr/lib;/lib/x86_64-linux-gnu;/lib]
  implicit fwks: []


Determining if the include file sys/types.h exists passed with the following output:
Change Dir: /home/travis/Dropbox/PHD/WiFiUS/doa/gnuradio/gr-dpd/build/CMakeFiles/CMakeTmp

Run Build Command:/usr/bin/make "cmTryCompileExec3664582807/fast"
/usr/bin/make -f CMakeFiles/cmTryCompileExec3664582807.dir/build.make CMakeFiles/cmTryCompileExec3664582807.dir/build
make[1]: Entering directory `/home/travis/Dropbox/PHD/WiFiUS/doa/gnuradio/gr-dpd/build/CMakeFiles/CMakeTmp'
/usr/bin/cmake -E cmake_progress_report /home/travis/Dropbox/PHD/WiFiUS/doa/gnuradio/gr-dpd/build/CMakeFiles/CMakeTmp/CMakeFiles 1
Building C object CMakeFiles/cmTryCompileExec3664582807.dir/CheckIncludeFile.c.o
/usr/bin/cc    -o CMakeFiles/cmTryCompileExec3664582807.dir/CheckIncludeFile.c.o   -c /home/travis/Dropbox/PHD/WiFiUS/doa/gnuradio/gr-dpd/build/CMakeFiles/CMakeTmp/CheckIncludeFile.c
Linking C executable cmTryCompileExec3664582807
/usr/bin/cmake -E cmake_link_script CMakeFiles/cmTryCompileExec3664582807.dir/link.txt --verbose=1
/usr/bin/cc       CMakeFiles/cmTryCompileExec3664582807.dir/CheckIncludeFile.c.o  -o cmTryCompileExec3664582807 -rdynamic 
make[1]: Leaving directory `/home/travis/Dropbox/PHD/WiFiUS/doa/gnuradio/gr-dpd/build/CMakeFiles/CMakeTmp'


Determining if the include file stdint.h exists passed with the following output:
Change Dir: /home/travis/Dropbox/PHD/WiFiUS/doa/gnuradio/gr-dpd/build/CMakeFiles/CMakeTmp

Run Build Command:/usr/bin/make "cmTryCompileExec3432695033/fast"
/usr/bin/make -f CMakeFiles/cmTryCompileExec3432695033.dir/build.make CMakeFiles/cmTryCompileExec3432695033.dir/build
make[1]: Entering directory `/home/travis/Dropbox/PHD/WiFiUS/doa/gnuradio/gr-dpd/build/CMakeFiles/CMakeTmp'
/usr/bin/cmake -E cmake_progress_report /home/travis/Dropbox/PHD/WiFiUS/doa/gnuradio/gr-dpd/build/CMakeFiles/CMakeTmp/CMakeFiles 1
Building C object CMakeFiles/cmTryCompileExec3432695033.dir/CheckIncludeFile.c.o
/usr/bin/cc    -o CMakeFiles/cmTryCompileExec3432695033.dir/CheckIncludeFile.c.o   -c /home/travis/Dropbox/PHD/WiFiUS/doa/gnuradio/gr-dpd/build/CMakeFiles/CMakeTmp/CheckIncludeFile.c
Linking C executable cmTryCompileExec3432695033
/usr/bin/cmake -E cmake_link_script CMakeFiles/cmTryCompileExec3432695033.dir/link.txt --verbose=1
/usr/bin/cc       CMakeFiles/cmTryCompileExec3432695033.dir/CheckIncludeFile.c.o  -o cmTryCompileExec3432695033 -rdynamic 
make[1]: Leaving directory `/home/travis/Dropbox/PHD/WiFiUS/doa/gnuradio/gr-dpd/build/CMakeFiles/CMakeTmp'


Determining if the include file stddef.h exists passed with the following output:
Change Dir: /home/travis/Dropbox/PHD/WiFiUS/doa/gnuradio/gr-dpd/build/CMakeFiles/CMakeTmp

Run Build Command:/usr/bin/make "cmTryCompileExec4118101867/fast"
/usr/bin/make -f CMakeFiles/cmTryCompileExec4118101867.dir/build.make CMakeFiles/cmTryCompileExec4118101867.dir/build
make[1]: Entering directory `/home/travis/Dropbox/PHD/WiFiUS/doa/gnuradio/gr-dpd/build/CMakeFiles/CMakeTmp'
/usr/bin/cmake -E cmake_progress_report /home/travis/Dropbox/PHD/WiFiUS/doa/gnuradio/gr-dpd/build/CMakeFiles/CMakeTmp/CMakeFiles 1
Building C object CMakeFiles/cmTryCompileExec4118101867.dir/CheckIncludeFile.c.o
/usr/bin/cc    -o CMakeFiles/cmTryCompileExec4118101867.dir/CheckIncludeFile.c.o   -c /home/travis/Dropbox/PHD/WiFiUS/doa/gnuradio/gr-dpd/build/CMakeFiles/CMakeTmp/CheckIncludeFile.c
Linking C executable cmTryCompileExec4118101867
/usr/bin/cmake -E cmake_link_script CMakeFiles/cmTryCompileExec4118101867.dir/link.txt --verbose=1
/usr/bin/cc       CMakeFiles/cmTryCompileExec4118101867.dir/CheckIncludeFile.c.o  -o cmTryCompileExec4118101867 -rdynamic 
make[1]: Leaving directory `/home/travis/Dropbox/PHD/WiFiUS/doa/gnuradio/gr-dpd/build/CMakeFiles/CMakeTmp'


Determining size of size_t passed with the following output:
Change Dir: /home/travis/Dropbox/PHD/WiFiUS/doa/gnuradio/gr-dpd/build/CMakeFiles/CMakeTmp

Run Build Command:/usr/bin/make "cmTryCompileExec2239974159/fast"
/usr/bin/make -f CMakeFiles/cmTryCompileExec2239974159.dir/build.make CMakeFiles/cmTryCompileExec2239974159.dir/build
make[1]: Entering directory `/home/travis/Dropbox/PHD/WiFiUS/doa/gnuradio/gr-dpd/build/CMakeFiles/CMakeTmp'
/usr/bin/cmake -E cmake_progress_report /home/travis/Dropbox/PHD/WiFiUS/doa/gnuradio/gr-dpd/build/CMakeFiles/CMakeTmp/CMakeFiles 1
Building C object CMakeFiles/cmTryCompileExec2239974159.dir/SIZEOF_SIZE_T.c.o
/usr/bin/cc    -o CMakeFiles/cmTryCompileExec2239974159.dir/SIZEOF_SIZE_T.c.o   -c /home/travis/Dropbox/PHD/WiFiUS/doa/gnuradio/gr-dpd/build/CMakeFiles/CheckTypeSize/SIZEOF_SIZE_T.c
Linking C executable cmTryCompileExec2239974159
/usr/bin/cmake -E cmake_link_script CMakeFiles/cmTryCompileExec2239974159.dir/link.txt --verbose=1
/usr/bin/cc       CMakeFiles/cmTryCompileExec2239974159.dir/SIZEOF_SIZE_T.c.o  -o cmTryCompileExec2239974159 -rdynamic 
make[1]: Leaving directory `/home/travis/Dropbox/PHD/WiFiUS/doa/gnuradio/gr-dpd/build/CMakeFiles/CMakeTmp'


Determining size of unsigned int passed with the following output:
Change Dir: /home/travis/Dropbox/PHD/WiFiUS/doa/gnuradio/gr-dpd/build/CMakeFiles/CMakeTmp

Run Build Command:/usr/bin/make "cmTryCompileExec3105111013/fast"
/usr/bin/make -f CMakeFiles/cmTryCompileExec3105111013.dir/build.make CMakeFiles/cmTryCompileExec3105111013.dir/build
make[1]: Entering directory `/home/travis/Dropbox/PHD/WiFiUS/doa/gnuradio/gr-dpd/build/CMakeFiles/CMakeTmp'
/usr/bin/cmake -E cmake_progress_report /home/travis/Dropbox/PHD/WiFiUS/doa/gnuradio/gr-dpd/build/CMakeFiles/CMakeTmp/CMakeFiles 1
Building C object CMakeFiles/cmTryCompileExec3105111013.dir/SIZEOF_UINT.c.o
/usr/bin/cc    -o CMakeFiles/cmTryCompileExec3105111013.dir/SIZEOF_UINT.c.o   -c /home/travis/Dropbox/PHD/WiFiUS/doa/gnuradio/gr-dpd/build/CMakeFiles/CheckTypeSize/SIZEOF_UINT.c
Linking C executable cmTryCompileExec3105111013
/usr/bin/cmake -E cmake_link_script CMakeFiles/cmTryCompileExec3105111013.dir/link.txt --verbose=1
/usr/bin/cc       CMakeFiles/cmTryCompileExec3105111013.dir/SIZEOF_UINT.c.o  -o cmTryCompileExec3105111013 -rdynamic 
make[1]: Leaving directory `/home/travis/Dropbox/PHD/WiFiUS/doa/gnuradio/gr-dpd/build/CMakeFiles/CMakeTmp'


Determining size of unsigned long passed with the following output:
Change Dir: /home/travis/Dropbox/PHD/WiFiUS/doa/gnuradio/gr-dpd/build/CMakeFiles/CMakeTmp

Run Build Command:/usr/bin/make "cmTryCompileExec3262002247/fast"
/usr/bin/make -f CMakeFiles/cmTryCompileExec3262002247.dir/build.make CMakeFiles/cmTryCompileExec3262002247.dir/build
make[1]: Entering directory `/home/travis/Dropbox/PHD/WiFiUS/doa/gnuradio/gr-dpd/build/CMakeFiles/CMakeTmp'
/usr/bin/cmake -E cmake_progress_report /home/travis/Dropbox/PHD/WiFiUS/doa/gnuradio/gr-dpd/build/CMakeFiles/CMakeTmp/CMakeFiles 1
Building C object CMakeFiles/cmTryCompileExec3262002247.dir/SIZEOF_UL.c.o
/usr/bin/cc    -o CMakeFiles/cmTryCompileExec3262002247.dir/SIZEOF_UL.c.o   -c /home/travis/Dropbox/PHD/WiFiUS/doa/gnuradio/gr-dpd/build/CMakeFiles/CheckTypeSize/SIZEOF_UL.c
Linking C executable cmTryCompileExec3262002247
/usr/bin/cmake -E cmake_link_script CMakeFiles/cmTryCompileExec3262002247.dir/link.txt --verbose=1
/usr/bin/cc       CMakeFiles/cmTryCompileExec3262002247.dir/SIZEOF_UL.c.o  -o cmTryCompileExec3262002247 -rdynamic 
make[1]: Leaving directory `/home/travis/Dropbox/PHD/WiFiUS/doa/gnuradio/gr-dpd/build/CMakeFiles/CMakeTmp'


Determining size of unsigned long long passed with the following output:
Change Dir: /home/travis/Dropbox/PHD/WiFiUS/doa/gnuradio/gr-dpd/build/CMakeFiles/CMakeTmp

Run Build Command:/usr/bin/make "cmTryCompileExec453975921/fast"
/usr/bin/make -f CMakeFiles/cmTryCompileExec453975921.dir/build.make CMakeFiles/cmTryCompileExec453975921.dir/build
make[1]: Entering directory `/home/travis/Dropbox/PHD/WiFiUS/doa/gnuradio/gr-dpd/build/CMakeFiles/CMakeTmp'
/usr/bin/cmake -E cmake_progress_report /home/travis/Dropbox/PHD/WiFiUS/doa/gnuradio/gr-dpd/build/CMakeFiles/CMakeTmp/CMakeFiles 1
Building C object CMakeFiles/cmTryCompileExec453975921.dir/SIZEOF_ULL.c.o
/usr/bin/cc    -o CMakeFiles/cmTryCompileExec453975921.dir/SIZEOF_ULL.c.o   -c /home/travis/Dropbox/PHD/WiFiUS/doa/gnuradio/gr-dpd/build/CMakeFiles/CheckTypeSize/SIZEOF_ULL.c
Linking C executable cmTryCompileExec453975921
/usr/bin/cmake -E cmake_link_script CMakeFiles/cmTryCompileExec453975921.dir/link.txt --verbose=1
/usr/bin/cc       CMakeFiles/cmTryCompileExec453975921.dir/SIZEOF_ULL.c.o  -o cmTryCompileExec453975921 -rdynamic 
make[1]: Leaving directory `/home/travis/Dropbox/PHD/WiFiUS/doa/gnuradio/gr-dpd/build/CMakeFiles/CMakeTmp'


Performing C++ SOURCE FILE Test HAVE_WNO_UNUSED_BUT_SET_VARIABLE succeded with the following output:
Change Dir: /home/travis/Dropbox/PHD/WiFiUS/doa/gnuradio/gr-dpd/build/CMakeFiles/CMakeTmp

Run Build Command:/usr/bin/make "cmTryCompileExec2250175644/fast"
/usr/bin/make -f CMakeFiles/cmTryCompileExec2250175644.dir/build.make CMakeFiles/cmTryCompileExec2250175644.dir/build
make[1]: Entering directory `/home/travis/Dropbox/PHD/WiFiUS/doa/gnuradio/gr-dpd/build/CMakeFiles/CMakeTmp'
/usr/bin/cmake -E cmake_progress_report /home/travis/Dropbox/PHD/WiFiUS/doa/gnuradio/gr-dpd/build/CMakeFiles/CMakeTmp/CMakeFiles 1
Building CXX object CMakeFiles/cmTryCompileExec2250175644.dir/src.cxx.o
/usr/bin/c++    -DHAVE_WNO_UNUSED_BUT_SET_VARIABLE   -Wno-unused-but-set-variable -o CMakeFiles/cmTryCompileExec2250175644.dir/src.cxx.o -c /home/travis/Dropbox/PHD/WiFiUS/doa/gnuradio/gr-dpd/build/CMakeFiles/CMakeTmp/src.cxx
Linking CXX executable cmTryCompileExec2250175644
/usr/bin/cmake -E cmake_link_script CMakeFiles/cmTryCompileExec2250175644.dir/link.txt --verbose=1
/usr/bin/c++    -DHAVE_WNO_UNUSED_BUT_SET_VARIABLE    CMakeFiles/cmTryCompileExec2250175644.dir/src.cxx.o  -o cmTryCompileExec2250175644 -rdynamic 
make[1]: Leaving directory `/home/travis/Dropbox/PHD/WiFiUS/doa/gnuradio/gr-dpd/build/CMakeFiles/CMakeTmp'

Source file was:
int main() { return 0;}
